{"logTime": "0426/074825", "correlationVector":"9mbfRvxmh5OYd+cFr2Q69o.0","action":"FeedSettingFetch_homeCloud", "result":"0", "context":{}}
{"logTime": "0426/074825", "correlationVector":"0ql+KU/1VWJDiehqWPvOiP.1","action":"SyncServerConnectionManagerRequest", "result":"SYNC_SERVER_OK", "context":{"environment":"48F630A6-CB1B-4CC7-86AF-0F6627234B58|106", "server":"SG2PEPF00000CC2"}}
{"logTime": "0426/074827", "correlationVector":"rUo8JDJBuh9I0vhpVnrFok.1","action":"SyncServerConnectionManagerRequest", "result":"SYNC_SERVER_OK", "context":{"environment":"48F630A6-CB1B-4CC7-86AF-0F6627234B58|106", "server":"SG2PEPF00000CC2"}}
{"logTime": "0426/074827", "correlationVector":"0ql+KU/1VWJDiehqWPvOiP","action":"Initial GetUpdates", "result":""}
{"logTime": "0426/074827", "correlationVector":"0ql+KU/1VWJDiehqWPvOiP.2","action":"GetUpdates Response", "result":"SERVER_MORE_TO_DOWNLOAD"}
{"logTime": "0426/074827", "correlationVector":"rUo8JDJBuh9I0vhpVnrFok","action":"Initial GetUpdates", "result":""}
{"logTime": "0426/074827", "correlationVector":"rUo8JDJBuh9I0vhpVnrFok.2","action":"GetUpdates Response", "result":"SYNCER_OK"}
{"logTime": "0426/074828", "correlationVector":"HSPMmXDv992wT4T6YuGJcC","action":"SyncServerConnectionManagerRequest", "result":"SYNC_SERVER_OK", "context":{"environment":"", "server":""}}
{"logTime": "0426/074830", "correlationVector":"YANBzDafpy8HYsu/1N0Xcq","action":"Initial GetUpdates", "result":""}
{"logTime": "0426/074832", "correlationVector":"YANBzDafpy8HYsu/1N0Xcq.1","action":"SyncServerConnectionManagerRequest", "result":"SYNC_SERVER_OK", "context":{"environment":"48F630A6-CB1B-4CC7-86AF-0F6627234B58|106", "server":"SG2PEPF00000CC2"}}
{"logTime": "0426/074833", "correlationVector":"YANBzDafpy8HYsu/1N0Xcq.2","action":"GetUpdates Response", "result":"SERVER_MORE_TO_DOWNLOAD"}
{"logTime": "0426/074833", "correlationVector":"KOzSiLY3a3rkhQzmeTIqnr","action":"Initial GetUpdates", "result":""}
{"logTime": "0426/074833", "correlationVector":"KOzSiLY3a3rkhQzmeTIqnr.1","action":"SyncServerConnectionManagerRequest", "result":"SYNC_SERVER_OK", "context":{"environment":"48F630A6-CB1B-4CC7-86AF-0F6627234B58|106", "server":"SG2PEPF00000CC2"}}
{"logTime": "0426/074833", "correlationVector":"KOzSiLY3a3rkhQzmeTIqnr.2","action":"GetUpdates Response", "result":"SERVER_MORE_TO_DOWNLOAD"}
{"logTime": "0426/074833", "correlationVector":"KEsdlTbHxYktB/gdvBQulc","action":"Initial GetUpdates", "result":""}
{"logTime": "0426/074834", "correlationVector":"KEsdlTbHxYktB/gdvBQulc.1","action":"SyncServerConnectionManagerRequest", "result":"SYNC_SERVER_OK", "context":{"environment":"48F630A6-CB1B-4CC7-86AF-0F6627234B58|106", "server":"SG2PEPF00000CC2"}}
{"logTime": "0426/074834", "correlationVector":"KEsdlTbHxYktB/gdvBQulc.2","action":"GetUpdates Response", "result":"SYNCER_OK"}
{"logTime": "0426/074834", "correlationVector":"yNk8VZZz6g/hsigb8xkdGi","action":"Initial GetUpdates", "result":""}
{"logTime": "0426/074838", "correlationVector":"yNk8VZZz6g/hsigb8xkdGi.1","action":"SyncServerConnectionManagerRequest", "result":"SYNC_SERVER_OK", "context":{"environment":"48F630A6-CB1B-4CC7-86AF-0F6627234B58|106", "server":"SG2PEPF00000CC2"}}
{"logTime": "0426/074838", "correlationVector":"yNk8VZZz6g/hsigb8xkdGi.2","action":"GetUpdates Response", "result":"SERVER_MORE_TO_DOWNLOAD"}
{"logTime": "0426/074838", "correlationVector":"VxSwUqfNCfuwARptJZPNU7","action":"Initial GetUpdates", "result":""}
{"logTime": "0426/074840", "correlationVector":"VxSwUqfNCfuwARptJZPNU7.1","action":"SyncServerConnectionManagerRequest", "result":"SYNC_SERVER_OK", "context":{"environment":"48F630A6-CB1B-4CC7-86AF-0F6627234B58|106", "server":"SG2PEPF00000CC2"}}
{"logTime": "0426/074841", "correlationVector":"VxSwUqfNCfuwARptJZPNU7.2","action":"GetUpdates Response", "result":"SYNCER_OK"}
{"logTime": "0426/074841", "correlationVector":"6kEMbsDV4H9gzloT+DDIGU","action":"Normal GetUpdate request", "result":""}
{"logTime": "0426/074842", "correlationVector":"6kEMbsDV4H9gzloT+DDIGU.1","action":"SyncServerConnectionManagerRequest", "result":"SYNC_SERVER_OK", "context":{"environment":"48F630A6-CB1B-4CC7-86AF-0F6627234B58|106", "server":"SG2PEPF00000CC2"}}
{"logTime": "0426/074842", "correlationVector":"6kEMbsDV4H9gzloT+DDIGU.2","action":"GetUpdates Response", "result":"SYNCER_OK"}
{"logTime": "0426/074842", "correlationVector":"iaqgu84mH+IWwRJWFMrI/x","action":"Commit Request", "result":""}
{"logTime": "0426/074842", "correlationVector":"iaqgu84mH+IWwRJWFMrI/x.1","action":"SyncServerConnectionManagerRequest", "result":"SYNC_SERVER_OK", "context":{"environment":"48F630A6-CB1B-4CC7-86AF-0F6627234B58|106", "server":"SG2PEPF00000CC2"}}
{"logTime": "0426/074842", "correlationVector":"iaqgu84mH+IWwRJWFMrI/x.2","action":"Commit Response", "result":"SYNCER_OK"}
{"logTime": "0426/074842", "correlationVector":"XNkbnHg4DigKHnpazx9p6h","action":"Commit Request", "result":""}
{"logTime": "0426/074842", "correlationVector":"XNkbnHg4DigKHnpazx9p6h.1","action":"SyncServerConnectionManagerRequest", "result":"SYNC_SERVER_OK", "context":{"environment":"48F630A6-CB1B-4CC7-86AF-0F6627234B58|106", "server":"SG2PEPF00000CC2"}}
{"logTime": "0426/074842", "correlationVector":"XNkbnHg4DigKHnpazx9p6h.2","action":"Commit Response", "result":"SYNCER_OK"}
{"logTime": "0427/105240", "correlationVector":"XtrUqhGukqPp6WqdYdunQF.0","action":"FeedSettingFetch_homeCloud", "result":"0", "context":{}}
{"logTime": "0427/105241", "correlationVector":"ms/OD14hIXdzhPhsIsux8J.1","action":"SyncServerConnectionManagerRequest", "result":"SYNC_SERVER_OK", "context":{"environment":"48F630A6-CB1B-4CC7-86AF-0F6627234B58|106", "server":"SG2PEPF00000CC0"}}
{"logTime": "0427/105241", "correlationVector":"5Sjwh8de6nlv8dzY72QcN1.1","action":"SyncServerConnectionManagerRequest", "result":"SYNC_SERVER_OK", "context":{"environment":"48F630A6-CB1B-4CC7-86AF-0F6627234B58|106", "server":"SG2PEPF00000CC0"}}
{"logTime": "0427/105241", "correlationVector":"ms/OD14hIXdzhPhsIsux8J","action":"Initial GetUpdates", "result":""}
{"logTime": "0427/105241", "correlationVector":"ms/OD14hIXdzhPhsIsux8J.2","action":"GetUpdates Response", "result":"SERVER_MORE_TO_DOWNLOAD"}
{"logTime": "0427/105241", "correlationVector":"5Sjwh8de6nlv8dzY72QcN1","action":"Initial GetUpdates", "result":""}
{"logTime": "0427/105241", "correlationVector":"5Sjwh8de6nlv8dzY72QcN1.2","action":"GetUpdates Response", "result":"SYNCER_OK"}
{"logTime": "0427/105241", "correlationVector":"xO74v+A6uJ4y6oS2RdkJKI","action":"SyncServerConnectionManagerRequest", "result":"SYNC_SERVER_OK", "context":{"environment":"", "server":""}}
{"logTime": "0427/105241", "correlationVector":"n3IKQStCXGiaT//OJYUQwy","action":"Normal GetUpdate request", "result":""}
{"logTime": "0427/105241", "correlationVector":"n3IKQStCXGiaT//OJYUQwy.1","action":"SyncServerConnectionManagerRequest", "result":"SYNC_SERVER_OK", "context":{"environment":"48F630A6-CB1B-4CC7-86AF-0F6627234B58|106", "server":"SG2PEPF00000CB9"}}
{"logTime": "0427/105241", "correlationVector":"n3IKQStCXGiaT//OJYUQwy.2","action":"GetUpdates Response", "result":"SYNCER_OK"}
{"logTime": "0427/105241", "correlationVector":"qyia4dPDZHOx8T36Y310gk","action":"Normal GetUpdate request", "result":""}
{"logTime": "0427/105241", "correlationVector":"qyia4dPDZHOx8T36Y310gk.1","action":"SyncServerConnectionManagerRequest", "result":"SYNC_SERVER_OK", "context":{"environment":"48F630A6-CB1B-4CC7-86AF-0F6627234B58|106", "server":"SG2PEPF00000CB9"}}
{"logTime": "0427/105241", "correlationVector":"qyia4dPDZHOx8T36Y310gk.2","action":"GetUpdates Response", "result":"SYNCER_OK"}
{"logTime": "0427/124546", "correlationVector":"UQuQzAs/tTx4y6fZMg3cZ5.0","action":"FeedSettingFetch_homeCloud", "result":"0", "context":{}}
{"logTime": "0427/124548", "correlationVector":"G8mHrrXPgW1Ioo7oOF4otO.1","action":"SyncServerConnectionManagerRequest", "result":"SYNC_SERVER_OK", "context":{"environment":"48F630A6-CB1B-4CC7-86AF-0F6627234B58|106", "server":"SG2PEPF00000CC7"}}
{"logTime": "0427/124553", "correlationVector":"2nFDFm89T6j3SsC9WrWNPm.1","action":"SyncServerConnectionManagerRequest", "result":"SYNC_SERVER_OK", "context":{"environment":"48F630A6-CB1B-4CC7-86AF-0F6627234B58|106", "server":"SG2PEPF00000CC7"}}
{"logTime": "0427/124553", "correlationVector":"G8mHrrXPgW1Ioo7oOF4otO","action":"Initial GetUpdates", "result":""}
{"logTime": "0427/124553", "correlationVector":"G8mHrrXPgW1Ioo7oOF4otO.2","action":"GetUpdates Response", "result":"SERVER_MORE_TO_DOWNLOAD"}
{"logTime": "0427/124553", "correlationVector":"2nFDFm89T6j3SsC9WrWNPm","action":"Initial GetUpdates", "result":""}
{"logTime": "0427/124553", "correlationVector":"2nFDFm89T6j3SsC9WrWNPm.2","action":"GetUpdates Response", "result":"SYNCER_OK"}
{"logTime": "0427/124553", "correlationVector":"zDSya76LAltM49VlaL1VVf","action":"SyncServerConnectionManagerRequest", "result":"SYNC_SERVER_OK", "context":{"environment":"", "server":""}}
{"logTime": "0427/124553", "correlationVector":"OO7T0WFnOpEI15OF2ZFXQO","action":"Normal GetUpdate request", "result":""}
{"logTime": "0427/124553", "correlationVector":"OO7T0WFnOpEI15OF2ZFXQO.1","action":"SyncServerConnectionManagerRequest", "result":"SYNC_SERVER_OK", "context":{"environment":"48F630A6-CB1B-4CC7-86AF-0F6627234B58|106", "server":"SG2PEPF00000CC9"}}
{"logTime": "0427/124553", "correlationVector":"OO7T0WFnOpEI15OF2ZFXQO.2","action":"GetUpdates Response", "result":"SYNCER_OK"}
{"logTime": "0427/124553", "correlationVector":"P/lOjZzFA2xW8F512gNdDp","action":"Normal GetUpdate request", "result":""}
{"logTime": "0427/124553", "correlationVector":"P/lOjZzFA2xW8F512gNdDp.1","action":"SyncServerConnectionManagerRequest", "result":"SYNC_SERVER_OK", "context":{"environment":"48F630A6-CB1B-4CC7-86AF-0F6627234B58|106", "server":"SG2PEPF00000CC9"}}
{"logTime": "0427/124553", "correlationVector":"P/lOjZzFA2xW8F512gNdDp.2","action":"GetUpdates Response", "result":"SYNCER_OK"}
{"logTime": "0427/125102", "correlationVector":"AQHx35XuIBGtHqt0li8rwM.0","action":"FeedSettingFetch_homeCloud", "result":"0", "context":{}}
{"logTime": "0427/125108", "correlationVector":"3F2XNR7gfoOQIdaa34a2gQ.1","action":"SyncServerConnectionManagerRequest", "result":"SYNC_SERVER_OK", "context":{"environment":"48F630A6-CB1B-4CC7-86AF-0F6627234B58|106", "server":"SG2PEPF00000CA3"}}
{"logTime": "0427/125109", "correlationVector":"lM1/8A3QGL1MTa8ulsFy6Z.1","action":"SyncServerConnectionManagerRequest", "result":"SYNC_SERVER_OK", "context":{"environment":"48F630A6-CB1B-4CC7-86AF-0F6627234B58|106", "server":"SG2PEPF00000CA3"}}
{"logTime": "0427/125109", "correlationVector":"3F2XNR7gfoOQIdaa34a2gQ","action":"Initial GetUpdates", "result":""}
{"logTime": "0427/125109", "correlationVector":"3F2XNR7gfoOQIdaa34a2gQ.2","action":"GetUpdates Response", "result":"SERVER_MORE_TO_DOWNLOAD"}
{"logTime": "0427/125109", "correlationVector":"lM1/8A3QGL1MTa8ulsFy6Z","action":"Initial GetUpdates", "result":""}
{"logTime": "0427/125109", "correlationVector":"lM1/8A3QGL1MTa8ulsFy6Z.2","action":"GetUpdates Response", "result":"SYNCER_OK"}
{"logTime": "0427/125109", "correlationVector":"7JVVpNmUUJGgbKJPibBoqe","action":"SyncServerConnectionManagerRequest", "result":"SYNC_SERVER_OK", "context":{"environment":"", "server":""}}
{"logTime": "0427/125109", "correlationVector":"vILkEKx6cyIqgjIoLsvenK","action":"Normal GetUpdate request", "result":""}
{"logTime": "0427/125109", "correlationVector":"vILkEKx6cyIqgjIoLsvenK.1","action":"SyncServerConnectionManagerRequest", "result":"SYNC_SERVER_OK", "context":{"environment":"48F630A6-CB1B-4CC7-86AF-0F6627234B58|106", "server":"SG2PEPF00000C8F"}}
{"logTime": "0427/125109", "correlationVector":"vILkEKx6cyIqgjIoLsvenK.2","action":"GetUpdates Response", "result":"SYNCER_OK"}
{"logTime": "0427/125109", "correlationVector":"YaURUfNq9G4mikAM/F6lZx","action":"Normal GetUpdate request", "result":""}
{"logTime": "0427/125109", "correlationVector":"YaURUfNq9G4mikAM/F6lZx.1","action":"SyncServerConnectionManagerRequest", "result":"SYNC_SERVER_OK", "context":{"environment":"48F630A6-CB1B-4CC7-86AF-0F6627234B58|106", "server":"SG2PEPF00000C8F"}}
{"logTime": "0427/125109", "correlationVector":"YaURUfNq9G4mikAM/F6lZx.2","action":"GetUpdates Response", "result":"SYNCER_OK"}
{"logTime": "0427/134134", "correlationVector":"okii2YKAEK8geaQXrY2/PW.0","action":"FeedSettingFetch_homeCloud", "result":"0", "context":{}}
{"logTime": "0427/134136", "correlationVector":"lN0ODfHZPCafGIvfTspY2w.1","action":"SyncServerConnectionManagerRequest", "result":"SYNC_SERVER_OK", "context":{"environment":"48F630A6-CB1B-4CC7-86AF-0F6627234B58|106", "server":"SG2PEPF00000CC1"}}
{"logTime": "0427/134140", "correlationVector":"u4s4u2VFeQYdwn5geDCBtC.1","action":"SyncServerConnectionManagerRequest", "result":"SYNC_SERVER_OK", "context":{"environment":"48F630A6-CB1B-4CC7-86AF-0F6627234B58|106", "server":"SG2PEPF00000CC1"}}
{"logTime": "0427/134140", "correlationVector":"lN0ODfHZPCafGIvfTspY2w","action":"Initial GetUpdates", "result":""}
{"logTime": "0427/134140", "correlationVector":"lN0ODfHZPCafGIvfTspY2w.2","action":"GetUpdates Response", "result":"SERVER_MORE_TO_DOWNLOAD"}
{"logTime": "0427/134140", "correlationVector":"u4s4u2VFeQYdwn5geDCBtC","action":"Initial GetUpdates", "result":""}
{"logTime": "0427/134140", "correlationVector":"u4s4u2VFeQYdwn5geDCBtC.2","action":"GetUpdates Response", "result":"SYNCER_OK"}
{"logTime": "0427/134140", "correlationVector":"gtfY64qzhdd+N7DHN96o6t","action":"SyncServerConnectionManagerRequest", "result":"SYNC_SERVER_OK", "context":{"environment":"", "server":""}}
{"logTime": "0427/134140", "correlationVector":"R3YmcxuHKudGQ62M/6A+4I","action":"Normal GetUpdate request", "result":""}
{"logTime": "0427/134140", "correlationVector":"R3YmcxuHKudGQ62M/6A+4I.1","action":"SyncServerConnectionManagerRequest", "result":"SYNC_SERVER_OK", "context":{"environment":"48F630A6-CB1B-4CC7-86AF-0F6627234B58|106", "server":"SG2PEPF00000CC1"}}
{"logTime": "0427/134140", "correlationVector":"R3YmcxuHKudGQ62M/6A+4I.2","action":"GetUpdates Response", "result":"SYNCER_OK"}
{"logTime": "0427/134140", "correlationVector":"VSDM917G+mCwvm5bfZTXQz","action":"Normal GetUpdate request", "result":""}
{"logTime": "0427/134140", "correlationVector":"VSDM917G+mCwvm5bfZTXQz.1","action":"SyncServerConnectionManagerRequest", "result":"SYNC_SERVER_OK", "context":{"environment":"48F630A6-CB1B-4CC7-86AF-0F6627234B58|106", "server":"SG2PEPF00000CC1"}}
{"logTime": "0427/134140", "correlationVector":"VSDM917G+mCwvm5bfZTXQz.2","action":"GetUpdates Response", "result":"SYNCER_OK"}
{"logTime": "0530/081427", "correlationVector":"YVuND+5S92nakG3ghyV75s.0","action":"FeedSettingFetch_homeCloud", "result":"0", "context":{}}
{"logTime": "0530/081427", "correlationVector":"yKa5sY/rOpEq8DbT+FD62K.1","action":"SyncServerConnectionManagerRequest", "result":"SYNC_SERVER_OK", "context":{"environment":"48F630A6-CB1B-4CC7-86AF-0F6627234B58|106", "server":"SG2PEPF00000CBF"}}
{"logTime": "0530/081427", "correlationVector":"Cg3whQWuLaYD5o4bTz2URt.1","action":"SyncServerConnectionManagerRequest", "result":"SYNC_SERVER_OK", "context":{"environment":"48F630A6-CB1B-4CC7-86AF-0F6627234B58|106", "server":"SG2PEPF00000CBF"}}
{"logTime": "0530/081427", "correlationVector":"yKa5sY/rOpEq8DbT+FD62K","action":"Initial GetUpdates", "result":""}
{"logTime": "0530/081427", "correlationVector":"yKa5sY/rOpEq8DbT+FD62K.2","action":"GetUpdates Response", "result":"SERVER_MORE_TO_DOWNLOAD"}
{"logTime": "0530/081427", "correlationVector":"Cg3whQWuLaYD5o4bTz2URt","action":"Initial GetUpdates", "result":""}
{"logTime": "0530/081427", "correlationVector":"Cg3whQWuLaYD5o4bTz2URt.2","action":"GetUpdates Response", "result":"SYNCER_OK"}
{"logTime": "0530/081428", "correlationVector":"Z3HOy6ecdTNrK1xzcdk/9d","action":"SyncServerConnectionManagerRequest", "result":"SYNC_SERVER_OK", "context":{"environment":"", "server":""}}
{"logTime": "0530/081428", "correlationVector":"iDsj+67tf7ksw8jSNdsQuB","action":"Normal GetUpdate request", "result":""}
{"logTime": "0530/081428", "correlationVector":"iDsj+67tf7ksw8jSNdsQuB.1","action":"SyncServerConnectionManagerRequest", "result":"SYNC_SERVER_OK", "context":{"environment":"48F630A6-CB1B-4CC7-86AF-0F6627234B58|106", "server":"SG2PEPF00000CBF"}}
{"logTime": "0530/081428", "correlationVector":"iDsj+67tf7ksw8jSNdsQuB.2","action":"GetUpdates Response", "result":"SYNCER_OK"}
{"logTime": "0530/081428", "correlationVector":"SW9slPG/m+qha9PHwEr9QB","action":"Normal GetUpdate request", "result":""}
{"logTime": "0530/081428", "correlationVector":"SW9slPG/m+qha9PHwEr9QB.1","action":"SyncServerConnectionManagerRequest", "result":"SYNC_SERVER_OK", "context":{"environment":"48F630A6-CB1B-4CC7-86AF-0F6627234B58|106", "server":"SG2PEPF00000CBF"}}
{"logTime": "0530/081428", "correlationVector":"SW9slPG/m+qha9PHwEr9QB.2","action":"GetUpdates Response", "result":"SYNCER_OK"}
{"logTime": "0530/081508", "correlationVector":"/Zc4JlRVvnLMYEn/G9pIQj","action":"Poll GetUpdate request", "result":""}
{"logTime": "0530/081509", "correlationVector":"/Zc4JlRVvnLMYEn/G9pIQj.1","action":"SyncServerConnectionManagerRequest", "result":"SYNC_SERVER_OK", "context":{"environment":"48F630A6-CB1B-4CC7-86AF-0F6627234B58|106", "server":"SG2PEPF00000CB2"}}
{"logTime": "0530/081509", "correlationVector":"/Zc4JlRVvnLMYEn/G9pIQj.2","action":"GetUpdates Response", "result":"SYNCER_OK"}
{"logTime": "0531/024456", "correlationVector":"AO9qzwYNSM2aMhyyXa2C6d.0","action":"FeedSettingFetch_homeCloud", "result":"0", "context":{}}
{"logTime": "0531/024456", "correlationVector":"AO9qzwYNSM2aMhyyXa2C6d.0","action":"SyncServerConnectionManagerRequest", "result":"SYNC_SERVER_OK", "context":{"environment":"", "server":""}}
{"logTime": "0531/024456", "correlationVector":"RS07kMfJ7M2IL3+XOUdal5.1","action":"SyncServerConnectionManagerRequest", "result":"SYNC_SERVER_OK", "context":{"environment":"48F630A6-CB1B-4CC7-86AF-0F6627234B58|106", "server":"SG2PEPF00000CA1"}}
{"logTime": "0531/024457", "correlationVector":"J4Sg4wh+2To7FpI1ffJB4G.1","action":"SyncServerConnectionManagerRequest", "result":"SYNC_SERVER_OK", "context":{"environment":"48F630A6-CB1B-4CC7-86AF-0F6627234B58|106", "server":"SG2PEPF00000CA1"}}
{"logTime": "0531/024457", "correlationVector":"RS07kMfJ7M2IL3+XOUdal5","action":"Initial GetUpdates", "result":""}
{"logTime": "0531/024457", "correlationVector":"RS07kMfJ7M2IL3+XOUdal5.2","action":"GetUpdates Response", "result":"SERVER_MORE_TO_DOWNLOAD"}
{"logTime": "0531/024457", "correlationVector":"J4Sg4wh+2To7FpI1ffJB4G","action":"Initial GetUpdates", "result":""}
{"logTime": "0531/024457", "correlationVector":"J4Sg4wh+2To7FpI1ffJB4G.2","action":"GetUpdates Response", "result":"SYNCER_OK"}
{"logTime": "0531/024457", "correlationVector":"cyNXCZNkHPUCcWu9TCZTnd","action":"Normal GetUpdate request", "result":""}
{"logTime": "0531/024457", "correlationVector":"cyNXCZNkHPUCcWu9TCZTnd.1","action":"SyncServerConnectionManagerRequest", "result":"SYNC_SERVER_OK", "context":{"environment":"48F630A6-CB1B-4CC7-86AF-0F6627234B58|106", "server":"SG2PEPF00000CA1"}}
{"logTime": "0531/024457", "correlationVector":"cyNXCZNkHPUCcWu9TCZTnd.2","action":"GetUpdates Response", "result":"SYNCER_OK"}
{"logTime": "0531/024510", "correlationVector":"UKezT29IleQIJow6gF2v3y","action":"Poll GetUpdate request", "result":""}
{"logTime": "0531/024510", "correlationVector":"UKezT29IleQIJow6gF2v3y.1","action":"SyncServerConnectionManagerRequest", "result":"SYNC_SERVER_OK", "context":{"environment":"48F630A6-CB1B-4CC7-86AF-0F6627234B58|106", "server":"SG2PEPF00000CB7"}}
{"logTime": "0531/024511", "correlationVector":"UKezT29IleQIJow6gF2v3y.2","action":"GetUpdates Response", "result":"SYNCER_OK"}
{"logTime": "0531/025116", "correlationVector":"F3f0qqEj/pbivV0P8XxiYk.0","action":"FeedSettingFetch_homeCloud", "result":"0", "context":{}}
{"logTime": "0531/025116", "correlationVector":"ve8RLnXY15OwSzjPG9bKmQ.1","action":"SyncServerConnectionManagerRequest", "result":"SYNC_SERVER_OK", "context":{"environment":"48F630A6-CB1B-4CC7-86AF-0F6627234B58|106", "server":"SG2PEPF00000C9A"}}
{"logTime": "0531/025116", "correlationVector":"+jNVt05L43qnyAh9WTJ6nk.1","action":"SyncServerConnectionManagerRequest", "result":"SYNC_SERVER_OK", "context":{"environment":"48F630A6-CB1B-4CC7-86AF-0F6627234B58|106", "server":"SG2PEPF00000C9A"}}
{"logTime": "0531/025116", "correlationVector":"ve8RLnXY15OwSzjPG9bKmQ","action":"Initial GetUpdates", "result":""}
{"logTime": "0531/025116", "correlationVector":"ve8RLnXY15OwSzjPG9bKmQ.2","action":"GetUpdates Response", "result":"SERVER_MORE_TO_DOWNLOAD"}
{"logTime": "0531/025117", "correlationVector":"+jNVt05L43qnyAh9WTJ6nk","action":"Initial GetUpdates", "result":""}
{"logTime": "0531/025117", "correlationVector":"+jNVt05L43qnyAh9WTJ6nk.2","action":"GetUpdates Response", "result":"SYNCER_OK"}
{"logTime": "0531/025117", "correlationVector":"IaRrasnPuwll+uxfwYwYeF","action":"SyncServerConnectionManagerRequest", "result":"SYNC_SERVER_OK", "context":{"environment":"", "server":""}}
{"logTime": "0531/025117", "correlationVector":"fjbfbiiQCx2jxgAg28jHhY","action":"Normal GetUpdate request", "result":""}
{"logTime": "0531/025117", "correlationVector":"fjbfbiiQCx2jxgAg28jHhY.1","action":"SyncServerConnectionManagerRequest", "result":"SYNC_SERVER_OK", "context":{"environment":"48F630A6-CB1B-4CC7-86AF-0F6627234B58|106", "server":"SG2PEPF00000C9A"}}
{"logTime": "0531/025117", "correlationVector":"fjbfbiiQCx2jxgAg28jHhY.2","action":"GetUpdates Response", "result":"SYNCER_OK"}
{"logTime": "0531/025117", "correlationVector":"HoHiMVVTrfyz3L3PH8m2dU","action":"Normal GetUpdate request", "result":""}
{"logTime": "0531/025117", "correlationVector":"HoHiMVVTrfyz3L3PH8m2dU.1","action":"SyncServerConnectionManagerRequest", "result":"SYNC_SERVER_OK", "context":{"environment":"48F630A6-CB1B-4CC7-86AF-0F6627234B58|106", "server":"SG2PEPF00000C9A"}}
{"logTime": "0531/025117", "correlationVector":"HoHiMVVTrfyz3L3PH8m2dU.2","action":"GetUpdates Response", "result":"SYNCER_OK"}
{"logTime": "0531/082816", "correlationVector":"UQ+AOa/e0eMYlMzEkvNDXV.0","action":"FeedSettingFetch_homeCloud", "result":"0", "context":{}}
{"logTime": "0531/082816", "correlationVector":"lo0YV4ZPM7+LUJkyH2XA5y.1","action":"SyncServerConnectionManagerRequest", "result":"SYNC_SERVER_OK", "context":{"environment":"48F630A6-CB1B-4CC7-86AF-0F6627234B58|106", "server":"SG2PEPF00000CAA"}}
{"logTime": "0531/082816", "correlationVector":"rzVqnZObvf4VvFB4up2XlY.1","action":"SyncServerConnectionManagerRequest", "result":"SYNC_SERVER_OK", "context":{"environment":"48F630A6-CB1B-4CC7-86AF-0F6627234B58|106", "server":"SG2PEPF00000CAA"}}
{"logTime": "0531/082816", "correlationVector":"lo0YV4ZPM7+LUJkyH2XA5y","action":"Initial GetUpdates", "result":""}
{"logTime": "0531/082816", "correlationVector":"lo0YV4ZPM7+LUJkyH2XA5y.2","action":"GetUpdates Response", "result":"SERVER_MORE_TO_DOWNLOAD"}
{"logTime": "0531/082816", "correlationVector":"rzVqnZObvf4VvFB4up2XlY","action":"Initial GetUpdates", "result":""}
{"logTime": "0531/082816", "correlationVector":"rzVqnZObvf4VvFB4up2XlY.2","action":"GetUpdates Response", "result":"SYNCER_OK"}
{"logTime": "0531/082816", "correlationVector":"Sbr4Vb4xV4g/37Y8PSZl08","action":"SyncServerConnectionManagerRequest", "result":"SYNC_SERVER_OK", "context":{"environment":"", "server":""}}
{"logTime": "0531/082816", "correlationVector":"ZJVx5ZZaIUwrn1ROFjTTFH","action":"Normal GetUpdate request", "result":""}
{"logTime": "0531/082816", "correlationVector":"ZJVx5ZZaIUwrn1ROFjTTFH.1","action":"SyncServerConnectionManagerRequest", "result":"SYNC_SERVER_OK", "context":{"environment":"48F630A6-CB1B-4CC7-86AF-0F6627234B58|106", "server":"SG2PEPF00000CAA"}}
{"logTime": "0531/082816", "correlationVector":"ZJVx5ZZaIUwrn1ROFjTTFH.2","action":"GetUpdates Response", "result":"SYNCER_OK"}
{"logTime": "0531/082816", "correlationVector":"QTN3RD994ViA5sDX3+6Yfx","action":"Normal GetUpdate request", "result":""}
{"logTime": "0531/082816", "correlationVector":"QTN3RD994ViA5sDX3+6Yfx.1","action":"SyncServerConnectionManagerRequest", "result":"SYNC_SERVER_OK", "context":{"environment":"48F630A6-CB1B-4CC7-86AF-0F6627234B58|106", "server":"SG2PEPF00000CAA"}}
{"logTime": "0531/082816", "correlationVector":"QTN3RD994ViA5sDX3+6Yfx.2","action":"GetUpdates Response", "result":"SYNCER_OK"}
{"logTime": "0531/104511", "correlationVector":"VnKcysLZX10a6rSKRbWl4v","action":"Poll GetUpdate request", "result":""}
{"logTime": "0531/104511", "correlationVector":"VnKcysLZX10a6rSKRbWl4v.1","action":"SyncServerConnectionManagerRequest", "result":"SYNC_SERVER_OK", "context":{"environment":"48F630A6-CB1B-4CC7-86AF-0F6627234B58|106", "server":"SG2PEPF00000CA8"}}
{"logTime": "0531/104511", "correlationVector":"VnKcysLZX10a6rSKRbWl4v.2","action":"GetUpdates Response", "result":"SYNCER_OK"}
{"logTime": "0531/132609", "correlationVector":"iUFZYkIVTJbFXi58vrswOk.0","action":"FeedSettingFetch_homeCloud", "result":"0", "context":{}}
{"logTime": "0531/132609", "correlationVector":"zaQe+0z9bIGYdKUumh8JLz.1","action":"SyncServerConnectionManagerRequest", "result":"SYNC_SERVER_OK", "context":{"environment":"48F630A6-CB1B-4CC7-86AF-0F6627234B58|106", "server":"SG2PEPF00000CB7"}}
{"logTime": "0531/132609", "correlationVector":"wBGz5vOwR0J1pYcDNxr+r7.1","action":"SyncServerConnectionManagerRequest", "result":"SYNC_SERVER_OK", "context":{"environment":"48F630A6-CB1B-4CC7-86AF-0F6627234B58|106", "server":"SG2PEPF00000CB7"}}
{"logTime": "0531/132609", "correlationVector":"zaQe+0z9bIGYdKUumh8JLz","action":"Initial GetUpdates", "result":""}
{"logTime": "0531/132609", "correlationVector":"zaQe+0z9bIGYdKUumh8JLz.2","action":"GetUpdates Response", "result":"SERVER_MORE_TO_DOWNLOAD"}
{"logTime": "0531/132609", "correlationVector":"wBGz5vOwR0J1pYcDNxr+r7","action":"Initial GetUpdates", "result":""}
{"logTime": "0531/132610", "correlationVector":"wBGz5vOwR0J1pYcDNxr+r7.2","action":"GetUpdates Response", "result":"SYNCER_OK"}
{"logTime": "0531/132610", "correlationVector":"o3b0TsoKSnI7V755UZc0JN","action":"SyncServerConnectionManagerRequest", "result":"SYNC_SERVER_OK", "context":{"environment":"", "server":""}}
{"logTime": "0531/132610", "correlationVector":"SzqhErXyua0hxHFarRJ7Uz","action":"Normal GetUpdate request", "result":""}
{"logTime": "0531/132610", "correlationVector":"SzqhErXyua0hxHFarRJ7Uz.1","action":"SyncServerConnectionManagerRequest", "result":"SYNC_SERVER_OK", "context":{"environment":"48F630A6-CB1B-4CC7-86AF-0F6627234B58|106", "server":"SG2PEPF00000CB7"}}
{"logTime": "0531/132610", "correlationVector":"SzqhErXyua0hxHFarRJ7Uz.2","action":"GetUpdates Response", "result":"SYNCER_OK"}
{"logTime": "0531/132610", "correlationVector":"flN0xyqiQbC3Whq2lMAeP+","action":"Normal GetUpdate request", "result":""}
{"logTime": "0531/132610", "correlationVector":"flN0xyqiQbC3Whq2lMAeP+.1","action":"SyncServerConnectionManagerRequest", "result":"SYNC_SERVER_OK", "context":{"environment":"48F630A6-CB1B-4CC7-86AF-0F6627234B58|106", "server":"SG2PEPF00000CB7"}}
{"logTime": "0531/132610", "correlationVector":"flN0xyqiQbC3Whq2lMAeP+.2","action":"GetUpdates Response", "result":"SYNCER_OK"}
{"logTime": "0601/173714", "correlationVector":"i8O/8rReNYB2HRETkITz2H.0","action":"FeedSettingFetch_homeCloud", "result":"0", "context":{}}
{"logTime": "0601/173714", "correlationVector":"P8Sn7HXVIrHhqIUgXEMNkz.1","action":"SyncServerConnectionManagerRequest", "result":"SYNC_SERVER_OK", "context":{"environment":"48F630A6-CB1B-4CC7-86AF-0F6627234B58|106", "server":"SG2PEPF00000C8E"}}
{"logTime": "0601/173715", "correlationVector":"Hxy7b3hT4Xd6ovBZLpYRIu.1","action":"SyncServerConnectionManagerRequest", "result":"SYNC_SERVER_OK", "context":{"environment":"48F630A6-CB1B-4CC7-86AF-0F6627234B58|106", "server":"SG2PEPF00000C8E"}}
{"logTime": "0601/173715", "correlationVector":"P8Sn7HXVIrHhqIUgXEMNkz","action":"Initial GetUpdates", "result":""}
{"logTime": "0601/173715", "correlationVector":"P8Sn7HXVIrHhqIUgXEMNkz.2","action":"GetUpdates Response", "result":"SERVER_MORE_TO_DOWNLOAD"}
{"logTime": "0601/173715", "correlationVector":"Hxy7b3hT4Xd6ovBZLpYRIu","action":"Initial GetUpdates", "result":""}
{"logTime": "0601/173715", "correlationVector":"Hxy7b3hT4Xd6ovBZLpYRIu.2","action":"GetUpdates Response", "result":"SYNCER_OK"}
{"logTime": "0601/173715", "correlationVector":"QtQFXnvK6enHBoIVdUzBV6","action":"SyncServerConnectionManagerRequest", "result":"SYNC_SERVER_OK", "context":{"environment":"", "server":""}}
{"logTime": "0601/173715", "correlationVector":"z3LSBR5vnh9GRNHSRP1oJ2","action":"Normal GetUpdate request", "result":""}
{"logTime": "0601/173715", "correlationVector":"z3LSBR5vnh9GRNHSRP1oJ2.1","action":"SyncServerConnectionManagerRequest", "result":"SYNC_SERVER_OK", "context":{"environment":"48F630A6-CB1B-4CC7-86AF-0F6627234B58|106", "server":"SG2PEPF00000C8E"}}
{"logTime": "0601/173715", "correlationVector":"z3LSBR5vnh9GRNHSRP1oJ2.2","action":"GetUpdates Response", "result":"SYNCER_OK"}
{"logTime": "0601/173715", "correlationVector":"cdLeN+ULKaKiTXUuMKYHCz","action":"Normal GetUpdate request", "result":""}
{"logTime": "0601/173715", "correlationVector":"cdLeN+ULKaKiTXUuMKYHCz.1","action":"SyncServerConnectionManagerRequest", "result":"SYNC_SERVER_OK", "context":{"environment":"48F630A6-CB1B-4CC7-86AF-0F6627234B58|106", "server":"SG2PEPF00000C8E"}}
{"logTime": "0601/173715", "correlationVector":"cdLeN+ULKaKiTXUuMKYHCz.2","action":"GetUpdates Response", "result":"SYNCER_OK"}
